#
# There is insufficient memory for the Java Runtime Environment to continue.
# Native memory allocation (mmap) failed to map 132120576 bytes for Failed to commit area from 0x0000000082200000 to 0x000000008a000000 of length 132120576.
# Possible reasons:
#   The system is out of physical RAM or swap space
#   The process is running with CompressedOops enabled, and the Java Heap may be blocking the growth of the native heap
# Possible solutions:
#   Reduce memory load on the system
#   Increase physical memory or swap space
#   Check if swap backing store is full
#   Decrease Java heap size (-Xmx/-Xms)
#   Decrease number of Java threads
#   Decrease Java thread stack sizes (-Xss)
#   Set larger code cache with -XX:ReservedCodeCacheSize=
# This output file may be truncated or incomplete.
#
#  Out of Memory Error (t:/workspace/open/src/hotspot/os/windows/os_windows.cpp:3301), pid=18196, tid=17860
#
# JRE version:  (13.0.2+8) (build )
# Java VM: Java HotSpot(TM) 64-Bit Server VM (13.0.2+8, mixed mode, aot, sharing, tiered, compressed oops, g1 gc, windows-amd64)
# No core dump will be written. Minidumps are not enabled by default on client versions of Windows
#

---------------  S U M M A R Y ------------

Command Line: -javaagent:D:\Program Files\JetBrains\IntelliJ IDEA Community Edition 201.6251.22\lib\idea_rt.jar=57337:D:\Program Files\JetBrains\IntelliJ IDEA Community Edition 201.6251.22\bin -Dfile.encoding=UTF-8 com.atcud.icecreamapp.IceCreamAppApplication

Host: Intel(R) Core(TM) i7-6500U CPU @ 2.50GHz, 4 cores, 7G,  Windows 10 , 64 bit Build 17763 (10.0.17763.475)
Time: Wed Mar 25 15:33:10 2020 SE Asia Standard Time elapsed time: 0 seconds (0d 0h 0m 0s)

---------------  T H R E A D  ---------------

Current thread (0x0000016d2a4ad800):  JavaThread "Unknown thread" [_thread_in_vm, id=17860, stack(0x0000000ad4b00000,0x0000000ad4c00000)]

Stack: [0x0000000ad4b00000,0x0000000ad4c00000]
Native frames: (J=compiled Java code, j=interpreted, Vv=VM code, C=native code)
V  [jvm.dll+0x624f9a]
V  [jvm.dll+0x770cfa]
V  [jvm.dll+0x7724af]
V  [jvm.dll+0x772ab3]
V  [jvm.dll+0x24bf08]
V  [jvm.dll+0x6222aa]
V  [jvm.dll+0x6170b5]
V  [jvm.dll+0x30a88c]
V  [jvm.dll+0x30a6c2]
V  [jvm.dll+0x30fe36]
V  [jvm.dll+0x353f46]
V  [jvm.dll+0x353720]
V  [jvm.dll+0x2e550a]
V  [jvm.dll+0x2e67a2]
V  [jvm.dll+0x74dd78]
V  [jvm.dll+0x361989]
V  [jvm.dll+0x730e65]
V  [jvm.dll+0x3cc53f]
V  [jvm.dll+0x3ce861]
C  [jli.dll+0x51ff]
C  [ucrtbase.dll+0x21ffa]
C  [KERNEL32.DLL+0x17974]
C  [ntdll.dll+0x6a261]


---------------  P R O C E S S  ---------------

Threads class SMR info:
_java_thread_list=0x00007ffa66dbccb8, length=0, elements={
}

Java Threads: ( => current thread )

Other Threads:
  0x0000016d2a4f1800 GCTaskThread "GC Thread#0" [stack: 0x0000000ad4c00000,0x0000000ad4d00000] [id=21160]
  0x0000016d2a503000 ConcurrentGCThread "G1 Main Marker" [stack: 0x0000000ad4d00000,0x0000000ad4e00000] [id=21444]
  0x0000016d2a505000 ConcurrentGCThread "G1 Conc#0" [stack: 0x0000000ad4e00000,0x0000000ad4f00000] [id=7864]

[error occurred during error reporting (printing all threads), id 0xc0000005, EXCEPTION_ACCESS_VIOLATION (0xc0000005) at pc=0x00007ffa665f51d7]

VM state:not at safepoint (not fully initialized)

VM Mutex/Monitor currently owned by a thread:  ([mutex/lock_event])
[0x0000016d2a4ab0c0] Heap_lock - owner thread: 0x0000016d2a4ad800

Heap address: 0x0000000082200000, size: 2014 MB, Compressed Oops mode: Non-zero based: 0x0000000082200000
Narrow klass base: 0x0000000000000000, Narrow klass shift: 0

GC Heap History (0 events):
No events

Deoptimization events (0 events):
No events

Classes unloaded (0 events):
No events

Classes redefined (0 events):
No events

Internal exceptions (0 events):
No events

Events (8 events):
Event: 0.015 Loaded shared library C:\Program Files\Java\jdk-13.0.2\bin\zip.dll
Event: 0.016 Loaded shared library C:\Program Files\Java\jdk-13.0.2\bin\jimage.dll
Event: 0.017 Loading shared library C:\Program Files\Java\jdk-13.0.2\lib\libjava.base-coop.dll failed, error code 126
Event: 0.018 Loading shared library C:\Program Files\Java\jdk-13.0.2\lib\libjava.logging-coop.dll failed, error code 126
Event: 0.018 Loading shared library C:\Program Files\Java\jdk-13.0.2\lib\libjdk.compiler-coop.dll failed, error code 126
Event: 0.018 Loading shared library C:\Program Files\Java\jdk-13.0.2\lib\libjdk.scripting.nashorn-coop.dll failed, error code 126
Event: 0.018 Loading shared library C:\Program Files\Java\jdk-13.0.2\lib\libjdk.internal.vm.ci-coop.dll failed, error code 126
Event: 0.018 Loading shared library C:\Program Files\Java\jdk-13.0.2\lib\libjdk.internal.vm.compiler-coop.dll failed, error code 126


Dynamic libraries:
0x00007ff6d1100000 - 0x00007ff6d110f000 	C:\Program Files\Java\jdk-13.0.2\bin\java.exe
0x00007ffaab5d0000 - 0x00007ffaab7bd000 	C:\WINDOWS\SYSTEM32\ntdll.dll
0x00007ffaaab30000 - 0x00007ffaaabe3000 	C:\WINDOWS\System32\KERNEL32.DLL
0x00007ffaa7f20000 - 0x00007ffaa81b3000 	C:\WINDOWS\System32\KERNELBASE.dll
0x00007ffaa82e0000 - 0x00007ffaa83da000 	C:\WINDOWS\System32\ucrtbase.dll
0x00007ffaa1490000 - 0x00007ffaa14a8000 	C:\Program Files\Java\jdk-13.0.2\bin\jli.dll
0x00007ffaaafe0000 - 0x00007ffaab083000 	C:\WINDOWS\System32\ADVAPI32.dll
0x00007ffaa1470000 - 0x00007ffaa1485000 	C:\Program Files\Java\jdk-13.0.2\bin\VCRUNTIME140.dll
0x00007ffaaaca0000 - 0x00007ffaaad3e000 	C:\WINDOWS\System32\msvcrt.dll
0x00007ffaaad40000 - 0x00007ffaaadde000 	C:\WINDOWS\System32\sechost.dll
0x00007ffaaa9a0000 - 0x00007ffaaaac2000 	C:\WINDOWS\System32\RPCRT4.dll
0x00007ffaaa2e0000 - 0x00007ffaaa477000 	C:\WINDOWS\System32\USER32.dll
0x00007ffaa7690000 - 0x00007ffaa76b0000 	C:\WINDOWS\System32\win32u.dll
0x00007ffaaa900000 - 0x00007ffaaa929000 	C:\WINDOWS\System32\GDI32.dll
0x00007ffaa83e0000 - 0x00007ffaa8579000 	C:\WINDOWS\System32\gdi32full.dll
0x00007ffaa8240000 - 0x00007ffaa82e0000 	C:\WINDOWS\System32\msvcp_win.dll
0x00007ffa96960000 - 0x00007ffa96bd9000 	C:\WINDOWS\WinSxS\amd64_microsoft.windows.common-controls_6595b64144ccf1df_6.0.17763.1098_none_de762ed45346ee8a\COMCTL32.dll
0x00007ffaab090000 - 0x00007ffaab3bc000 	C:\WINDOWS\System32\combase.dll
0x00007ffaa81c0000 - 0x00007ffaa823e000 	C:\WINDOWS\System32\bcryptPrimitives.dll
0x00007ffa9f650000 - 0x00007ffa9f65a000 	C:\WINDOWS\SYSTEM32\VERSION.dll
0x00007ffaab440000 - 0x00007ffaab46e000 	C:\WINDOWS\System32\IMM32.DLL
0x00007ffa98df0000 - 0x00007ffa98e8b000 	C:\Program Files\Java\jdk-13.0.2\bin\msvcp140.dll
0x00007ffa66300000 - 0x00007ffa66e5d000 	C:\Program Files\Java\jdk-13.0.2\bin\server\jvm.dll
0x00007ffaa8d40000 - 0x00007ffaa8d48000 	C:\WINDOWS\System32\PSAPI.DLL
0x00007ffaa6140000 - 0x00007ffaa6149000 	C:\WINDOWS\SYSTEM32\WSOCK32.dll
0x00007ffaaa930000 - 0x00007ffaaa99d000 	C:\WINDOWS\System32\WS2_32.dll
0x00007ffaa2d60000 - 0x00007ffaa2d84000 	C:\WINDOWS\SYSTEM32\WINMM.dll
0x00007ffaa2c30000 - 0x00007ffaa2c5d000 	C:\WINDOWS\SYSTEM32\WINMMBASE.dll
0x00007ffaa7ed0000 - 0x00007ffaa7f1a000 	C:\WINDOWS\System32\cfgmgr32.dll
0x00007ffaa7650000 - 0x00007ffaa7661000 	C:\WINDOWS\System32\kernel.appcore.dll
0x00007ffaa2db0000 - 0x00007ffaa2dc0000 	C:\Program Files\Java\jdk-13.0.2\bin\verify.dll
0x00007ffaa5df0000 - 0x00007ffaa5fdd000 	C:\WINDOWS\SYSTEM32\DBGHELP.DLL
0x00007ffa924e0000 - 0x00007ffa9250a000 	C:\WINDOWS\SYSTEM32\dbgcore.DLL
0x00007ffaa1440000 - 0x00007ffaa1466000 	C:\Program Files\Java\jdk-13.0.2\bin\java.dll
0x00007ffa9b070000 - 0x00007ffa9b07e000 	C:\Program Files\Java\jdk-13.0.2\bin\instrument.dll
0x00007ffaa1330000 - 0x00007ffaa1347000 	C:\Program Files\Java\jdk-13.0.2\bin\zip.dll
0x00007ffaa24e0000 - 0x00007ffaa24ea000 	C:\Program Files\Java\jdk-13.0.2\bin\jimage.dll

dbghelp: loaded successfully - version: 4.0.5 - missing functions: none
symbol engine: initialized successfully - sym options: 0x614 - pdb path: .;C:\Program Files\Java\jdk-13.0.2\bin;C:\WINDOWS\SYSTEM32;C:\WINDOWS\WinSxS\amd64_microsoft.windows.common-controls_6595b64144ccf1df_6.0.17763.1098_none_de762ed45346ee8a;C:\Program Files\Java\jdk-13.0.2\bin\server

VM Arguments:
jvm_args: -javaagent:D:\Program Files\JetBrains\IntelliJ IDEA Community Edition 201.6251.22\lib\idea_rt.jar=57337:D:\Program Files\JetBrains\IntelliJ IDEA Community Edition 201.6251.22\bin -Dfile.encoding=UTF-8 
java_command: com.atcud.icecreamapp.IceCreamAppApplication
java_class_path (initial): D:\Learning\Java-Spring\ice-cream-app\target\classes;C:\Users\Duc Ta\.m2\repository\org\springframework\boot\spring-boot-starter-data-jpa\2.2.5.RELEASE\spring-boot-starter-data-jpa-2.2.5.RELEASE.jar;C:\Users\Duc Ta\.m2\repository\org\springframework\boot\spring-boot-starter-aop\2.2.5.RELEASE\spring-boot-starter-aop-2.2.5.RELEASE.jar;C:\Users\Duc Ta\.m2\repository\org\aspectj\aspectjweaver\1.9.5\aspectjweaver-1.9.5.jar;C:\Users\Duc Ta\.m2\repository\org\springframework\boot\spring-boot-starter-jdbc\2.2.5.RELEASE\spring-boot-starter-jdbc-2.2.5.RELEASE.jar;C:\Users\Duc Ta\.m2\repository\com\zaxxer\HikariCP\3.4.2\HikariCP-3.4.2.jar;C:\Users\Duc Ta\.m2\repository\org\springframework\spring-jdbc\5.2.4.RELEASE\spring-jdbc-5.2.4.RELEASE.jar;C:\Users\Duc Ta\.m2\repository\jakarta\activation\jakarta.activation-api\1.2.2\jakarta.activation-api-1.2.2.jar;C:\Users\Duc Ta\.m2\repository\jakarta\persistence\jakarta.persistence-api\2.2.3\jakarta.persistence-api-2.2.3.jar;C:\Users\Duc Ta\.m2\repository\jakarta\transaction\jakarta.transaction-api\1.3.3\jakarta.transaction-api-1.3.3.jar;C:\Users\Duc Ta\.m2\repository\org\hibernate\hibernate-core\5.4.12.Final\hibernate-core-5.4.12.Final.jar;C:\Users\Duc Ta\.m2\repository\org\jboss\logging\jboss-logging\3.4.1.Final\jboss-logging-3.4.1.Final.jar;C:\Users\Duc Ta\.m2\repository\org\javassist\javassist\3.24.0-GA\javassist-3.24.0-GA.jar;C:\Users\Duc Ta\.m2\repository\net\bytebuddy\byte-buddy\1.10.8\byte-buddy-1.10.8.jar;C:\Users\Duc Ta\.m2\repository\antlr\antlr\2.7.7\antlr-2.7.7.jar;C:\Users\Duc Ta\.m2\repository\org\jboss\jandex\2.1.1.Final\jandex-2.1.1.Final.jar;C:\Users\Duc Ta\.m2\repository\org\dom4j\dom4j\2.1.1\dom4j-2.1.1.jar;C:\Users\Duc Ta\.m2\repository\org\hibernate\common\hibernate-commons-annotations\5.1.0.Final\hibernate-commons-annotations-5.1.0.Final.jar;C:\Users\Duc Ta\.m2\repository\org\glassfish\jaxb\jaxb-runtime\2.3.2\jaxb-runtime-2.3.2.jar;C:\Users\Duc Ta\.m2\repository\org\glassfish\jaxb\txw
Launcher Type: SUN_STANDARD

[Global flags]
     intx CICompilerCount                          = 3                                         {product} {ergonomic}
     uint ConcGCThreads                            = 1                                         {product} {ergonomic}
     uint G1ConcRefinementThreads                  = 4                                         {product} {ergonomic}
   size_t G1HeapRegionSize                         = 1048576                                   {product} {ergonomic}
    uintx GCDrainStackTargetSize                   = 64                                        {product} {ergonomic}
   size_t InitialHeapSize                          = 132120576                                 {product} {ergonomic}
   size_t MarkStackSize                            = 4194304                                   {product} {ergonomic}
   size_t MaxHeapSize                              = 2111832064                                {product} {ergonomic}
   size_t MinHeapDeltaBytes                        = 1048576                                   {product} {ergonomic}
   size_t MinHeapSize                              = 8388608                                   {product} {ergonomic}
    uintx NonNMethodCodeHeapSize                   = 5832780                                {pd product} {ergonomic}
    uintx NonProfiledCodeHeapSize                  = 122912730                              {pd product} {ergonomic}
    uintx ProfiledCodeHeapSize                     = 122912730                              {pd product} {ergonomic}
    uintx ReservedCodeCacheSize                    = 251658240                              {pd product} {ergonomic}
     bool SegmentedCodeCache                       = true                                      {product} {ergonomic}
   size_t SoftMaxHeapSize                          = 2111832064                             {manageable} {ergonomic}
     bool UseCompressedClassPointers               = true                                 {lp64_product} {ergonomic}
     bool UseCompressedOops                        = true                                 {lp64_product} {ergonomic}
     bool UseG1GC                                  = true                                      {product} {ergonomic}
     bool UseLargePagesIndividualAllocation        = false                                  {pd product} {ergonomic}

Logging:
Log output configuration:
 #0: stdout all=warning uptime,level,tags
 #1: stderr all=off uptime,level,tags

Environment Variables:
JAVA_HOME=C:\Program Files\Java\jdk-13.0.2
PATH=C:\Program Files (x86)\Common Files\Oracle\Java\javapath;C:\Program Files\Java\jdk-13.0.2;C:\Program Files (x86)\Intel\iCLS Client\;C:\Program Files\Intel\iCLS Client\;C:\Windows\system32;C:\Windows;C:\Windows\System32\Wbem;C:\Windows\System32\WindowsPowerShell\v1.0\;C:\Windows\System32\OpenSSH\;C:\Program Files\Intel\WiFi\bin\;C:\Program Files\Common Files\Intel\WirelessCommon\;C:\Program Files\NVIDIA Corporation\NVIDIA NvDLISR;C:\Program Files (x86)\NVIDIA Corporation\PhysX\Common;C:\Program Files (x86)\Intel\Intel(R) Management Engine Components\DAL;C:\Program Files\Intel\Intel(R) Management Engine Components\DAL;C:\Program Files (x86)\Intel\Intel(R) Management Engine Components\IPT;C:\Program Files\Intel\Intel(R) Management Engine Components\IPT;C:\WINDOWS\system32;C:\WINDOWS;C:\WINDOWS\System32\Wbem;C:\WINDOWS\System32\WindowsPowerShell\v1.0\;C:\WINDOWS\System32\OpenSSH\;C:\Program Files\Git\cmd;D:\Program Files\Init;C:\Program Files\dotnet\;C:\Program Files\Microsoft SQL Server\130\Tools\Binn\;C:\Go\bin;C:\Program Files\Java\jdk-13.0.2\bin;C:\nodejs\;C:\Program Files\MySQL\MySQL Shell 8.0\bin\;C:\Anaconda3;C:\Anaconda3\Library\mingw-w64\bin;C:\Anaconda3\Library\usr\bin;C:\Anaconda3\Library\bin;C:\Anaconda3\Scripts;C:\Python\Python36\Scripts\;C:\Python\Python36\;C:\Users\Duc Ta\AppData\Local\Microsoft\WindowsApps;C:\texlive\2018\bin\win32;C:\Users\Duc Ta\AppData\Local\Programs\Microsoft VS Code\bin;D:\Program Files\JetBrains\PyCharm Community Edition 2018.3.4\bin;C:\Users\Duc Ta\go\bin;C:\Users\Duc Ta\AppData\Local\atom\bin;C:\MinGW\bin;C:\Users\Duc Ta\go\bin;C:\Users\Duc Ta\AppData\Roaming\npm;D:\Program Files\JetBrains\IntelliJ IDEA Community Edition 201.6251.22\bin;
USERNAME=Duc Ta
OS=Windows_NT
PROCESSOR_IDENTIFIER=Intel64 Family 6 Model 78 Stepping 3, GenuineIntel



---------------  S Y S T E M  ---------------

OS: Windows 10 , 64 bit Build 17763 (10.0.17763.475)

CPU:total 4 (initial active 4) (2 cores per cpu, 2 threads per core) family 6 model 78 stepping 3, cmov, cx8, fxsr, mmx, sse, sse2, sse3, ssse3, sse4.1, sse4.2, popcnt, avx, avx2, aes, clmul, erms, 3dnowpref, lzcnt, ht, tsc, tscinvbit, bmi1, bmi2, adx, fma

Memory: 4k page, system-wide physical 8053M (811M free)
TotalPageFile size 19392M (AvailPageFile size 14M)
current process WorkingSet (physical memory assigned to process): 10M, peak: 10M
current process commit charge ("private bytes"): 52M, peak: 178M

vm_info: Java HotSpot(TM) 64-Bit Server VM (13.0.2+8) for windows-amd64 JRE (13.0.2+8), built on Dec 11 2019 09:20:33 by "mach5one" with unknown MS VC++:1916

END.
